[v1.12 2017-11-24]
修复了“五色炫彩”层叠样式表部分内容显示不正常的问题
[v1.11 2017-11-06]
添加“开发日志”页面
修复了“后台管理”页面未关闭导入数据文件的问题
修复了部分页面标题未及时变更的问题
[v1.1 2017-11-03]
添加部分无效借用事由的过滤功能
添加预约信息确认提示框
修改PC端和移动端字体优先级顺序
修改每日预约数量为两次并重写查询语句（感谢：饭团、Nancy）
修复了研究生学号登录时无法输入前缀的问题
修复了用户登录学号大小写未进行判断的问题（感谢：Sophia）
修复了用户登录学号可能显示undefined的问题（感谢：腰子）
修复了PC端FireFox“预约借用”标题偏移的问题
修复了部分数据库连接未及时关闭的问题
修复了部分可能无法自动跳转的问题 
[v1.0 2017-11-02]
添加带BOM头数据文件导入时自动检测功能
添加服务提供商信息
修复了数据文件导入时格式校验不彻底的问题
修复了数据文件导入时未对换行符进行处理的问题
发布全系统Beta版本，启动测试 
[v1.01 2017-11-02]
修复了PC端FireFox和IE无法注销用户登录的问题（感谢：Sophia）
修复了借用事由JavaScript判断代码无效的问题（感谢：不改ID不吃饭）
修复了确认提示框涉及星期日时显示undefined的问题
修复了部分用户界面显示不正常的问题 
[v0.92 2017-11-01]
添加“用户数据”管理“新增人员”功能
添加“用户数据”操作日志记录功能
修改数据库管理员权限设置模式
修改“后台管理”登录功能逻辑
修改“后台管理”欢迎语显示不同管理员姓名
修改“系统日志”的“数据筛选”功能逻辑
修改标题图片设计
修复了“数据导入”进度条在FireFox和IE下出现偏移的问题
修复了“系统日志”内容过长时超出标签框的问题 
[v0.91 2017-10-31]
完成“用户数据”管理功能并实现前后端分离
添加“用户数据”操作合法性校验功能
修改“后台管理”部分英文显示内容为中文
修改整合“用户数据”部分可复用代码
修改“用户数据”部分查询语句
修改适配部分层叠样式表
修复了数据文件导入时出现换行错误的问题 
[v0.90 2017-10-30]
完成“系统日志”的“数据筛选”功能开发
添加“系统日志”窗口拖拽功能
修改了“系统日志”部分层叠样式表
启动“用户数据”管理功能开发 
[v0.87 2017-10-27] 
添加“后台管理”代码功能注释
添加部分功能按钮的悬浮提示
修改数据库“类别”字段名称
修改分离“后台管理”部分JavaScript代码
修复了删除数据文件时系统不提示的问题
修复了部分过长姓名超出标签范围导致页面显示混乱的问题 
[v0.86 2017-10-26] 
修复了用户端“借用事由”输入长度无限制的问题
修改“系统日志”管理员登录的日志记录内容
完善“系统日志”的“数据筛选”功能 
[v0.85 2017-10-25]
修改用户端和“后台管理”页面源码格式
修改分离用户端JavaScript代码
启动“系统日志”的“数据筛选”功能开发 
[v0.84 2017-10-24]
完成“系统日志”部分层叠样式表设计开发
[v0.83 2017-10-23]
完成“后台管理”第三版层叠样式表设计开发
修改“后台管理”部分英文显示内容为中文
修复了“系统日志”记录时间不正确的问题
基本完成系统日志功能开发 
[v0.82 2017-10-20]
完成“后台管理”第二版层叠样式表设计开发
修复了部分元素样式代码过于复杂的问题 
[v0.81 2017-10-19]
修改“后台管理”模块目录
修复了MYSQL连接方式不安全的问题
修复了部分功能超链接地址不正常的问题
修复了部分元素样式代码过于复杂的问题
修复了数据文件导入确认时JavaScript代码无效的问题
启动“系统日志”功能开发 
[v0.80 2017-10-16]
启动项目开发版本配置管理（GitHub）
[v0.70 2017-10-15]
基本完成“后台管理”功能开发
修复了在单元测试中发现的诸多问题 
[v0.31-v0.6]
详细开发日志意外丢失
[v0.30 2017-09-01]
发布用户端Alpha版本
[2017-08-24]
启动“后台管理”模块设计
[v0.22 2017-08-21]
修改层叠样式表实现核心样式分离
添加层叠样式表用户自主选择功能 
[v0.21 2017-08-14]
完成“北欧极简”层叠样式表设计开发
[2017-07-13]
收到“北欧极简”层叠样式表设计方案（感谢：凌晨、老编）
[v0.20 2017-07-06]
完成用户端的第三方代码审计（特别感谢：xfgryujk）
修复了部分特殊字符的过滤不彻底的问题
修复了某些情况下服务器负载过大的问题 
[v0.11 2017-07-05]
完成标题图片设计方案
发布用户端工程测试版本
启动基础功能测试 
[v0.10 2017-07-01]
完成“五色炫彩”层叠样式表设计开发
[2017-05-10]
完成系统数据字典设计
[2017-05-08]
项目启动